11:28 20:45:37.390 [restartedMain] [INFO] [com.example.demo.ShippingClient] - Starting ShippingClient on DESKTOP-CQORGQ5 with PID 25460 (E:\workspace\ShoppingAppOrder\target\classes started by caich in E:\workspace\ShoppingAppOrder)
11:28 20:45:37.392 [restartedMain] [INFO] [com.example.demo.ShippingClient] - No active profile set, falling back to default profiles: default
11:28 20:45:43.121 [restartedMain] [INFO] [com.example.demo.ShippingClient] - Started ShippingClient in 5.983 seconds (JVM running for 7.782)
11:28 20:45:43.137 [restartedMain] [INFO] [c.e.demo.service.LoggingService] - Inside methodsave
11:28 20:45:43.245 [restartedMain] [INFO] [c.e.demo.service.LoggingService] - Exiting methodsave
11:28 20:45:43.245 [restartedMain] [INFO] [c.e.demo.service.LoggingService] - Inside methodsave
11:28 20:45:43.301 [restartedMain] [INFO] [c.e.demo.service.LoggingService] - Exiting methodsave
11:28 20:46:01.270 [http-nio-8080-exec-2] [INFO] [c.e.demo.service.LoggingService] - Inside methodfindAll
11:28 20:46:01.576 [http-nio-8080-exec-2] [INFO] [c.e.demo.service.LoggingService] - Exiting methodfindAll
11:28 20:46:07.335 [http-nio-8080-exec-3] [INFO] [c.e.demo.service.LoggingService] - Inside methodfindById
11:28 20:46:07.340 [http-nio-8080-exec-3] [INFO] [c.e.demo.service.LoggingService] - Exiting methodfindById
11:28 20:46:41.247 [http-nio-8080-exec-5] [INFO] [c.e.demo.service.LoggingService] - Inside methodfindOrderByUsername
11:28 20:46:41.276 [http-nio-8080-exec-5] [INFO] [c.e.demo.service.LoggingService] - Exiting methodfindOrderByUsername
11:28 20:46:56.192 [restartedMain] [INFO] [com.example.demo.ShippingClient] - Starting ShippingClient on DESKTOP-CQORGQ5 with PID 25460 (E:\workspace\ShoppingAppOrder\target\classes started by caich in E:\workspace\ShoppingAppOrder)
11:28 20:46:56.193 [restartedMain] [INFO] [com.example.demo.ShippingClient] - No active profile set, falling back to default profiles: default
11:28 20:46:57.869 [restartedMain] [INFO] [com.example.demo.ShippingClient] - Started ShippingClient in 1.714 seconds (JVM running for 82.529)
11:28 20:46:57.873 [restartedMain] [INFO] [c.e.demo.service.LoggingService] - Inside methodsave
11:28 20:46:57.883 [restartedMain] [INFO] [c.e.demo.service.LoggingService] - Exiting methodsave
11:28 20:46:57.883 [restartedMain] [INFO] [c.e.demo.service.LoggingService] - Inside methodsave
11:28 20:46:57.886 [restartedMain] [INFO] [c.e.demo.service.LoggingService] - Exiting methodsave
11:28 20:50:51.238 [restartedMain] [INFO] [com.example.demo.ShippingClient] - Starting ShippingClient on DESKTOP-CQORGQ5 with PID 25460 (E:\workspace\ShoppingAppOrder\target\classes started by caich in E:\workspace\ShoppingAppOrder)
11:28 20:50:51.238 [restartedMain] [INFO] [com.example.demo.ShippingClient] - No active profile set, falling back to default profiles: default
11:28 20:53:10.604 [restartedMain] [INFO] [com.example.demo.ShippingClient] - Starting ShippingClient on DESKTOP-CQORGQ5 with PID 25460 (E:\workspace\ShoppingAppOrder\target\classes started by caich in E:\workspace\ShoppingAppOrder)
11:28 20:53:10.604 [restartedMain] [INFO] [com.example.demo.ShippingClient] - No active profile set, falling back to default profiles: default
11:28 20:53:21.347 [restartedMain] [INFO] [com.example.demo.ShippingClient] - Starting ShippingClient on DESKTOP-CQORGQ5 with PID 25460 (E:\workspace\ShoppingAppOrder\target\classes started by caich in E:\workspace\ShoppingAppOrder)
11:28 20:53:21.347 [restartedMain] [INFO] [com.example.demo.ShippingClient] - No active profile set, falling back to default profiles: default
11:28 20:53:29.051 [restartedMain] [INFO] [com.example.demo.ShippingClient] - Starting ShippingClient on DESKTOP-CQORGQ5 with PID 25460 (E:\workspace\ShoppingAppOrder\target\classes started by caich in E:\workspace\ShoppingAppOrder)
11:28 20:53:29.051 [restartedMain] [INFO] [com.example.demo.ShippingClient] - No active profile set, falling back to default profiles: default
11:28 20:53:52.807 [restartedMain] [INFO] [com.example.demo.ShippingClient] - Starting ShippingClient on DESKTOP-CQORGQ5 with PID 25460 (E:\workspace\ShoppingAppOrder\target\classes started by caich in E:\workspace\ShoppingAppOrder)
11:28 20:53:52.808 [restartedMain] [INFO] [com.example.demo.ShippingClient] - No active profile set, falling back to default profiles: default
11:28 20:54:53.567 [restartedMain] [INFO] [com.example.demo.OrderClient] - Starting OrderClient on DESKTOP-CQORGQ5 with PID 9460 (E:\workspace\ShoppingAppOrder\target\classes started by caich in E:\workspace\ShoppingAppOrder)
11:28 20:54:53.570 [restartedMain] [INFO] [com.example.demo.OrderClient] - No active profile set, falling back to default profiles: default
11:28 20:55:04.229 [restartedMain] [INFO] [com.example.demo.OrderClient] - Started OrderClient in 11.105 seconds (JVM running for 12.025)
11:28 20:55:04.286 [restartedMain] [INFO] [c.e.demo.service.LoggingService] - Inside methodsave
11:28 20:55:04.408 [restartedMain] [INFO] [c.e.demo.service.LoggingService] - Exiting methodsave
11:28 20:55:04.409 [restartedMain] [INFO] [c.e.demo.service.LoggingService] - Inside methodsave
11:28 20:55:04.439 [restartedMain] [INFO] [c.e.demo.service.LoggingService] - Exiting methodsave
11:28 20:55:10.333 [http-nio-8080-exec-1] [INFO] [c.e.demo.service.LoggingService] - Inside methodfindOrderByUsername
11:28 20:55:10.648 [http-nio-8080-exec-1] [INFO] [c.e.demo.service.LoggingService] - Exiting methodfindOrderByUsername
11:28 20:55:28.350 [http-nio-8080-exec-2] [INFO] [c.e.demo.service.LoggingService] - Inside methodfindOrderByUsername
11:28 20:55:28.352 [http-nio-8080-exec-2] [INFO] [c.e.demo.service.LoggingService] - Exiting methodfindOrderByUsername
11:28 20:56:48.880 [restartedMain] [INFO] [com.example.demo.OrderClient] - Starting OrderClient on DESKTOP-CQORGQ5 with PID 9460 (E:\workspace\ShoppingAppOrder\target\classes started by caich in E:\workspace\ShoppingAppOrder)
11:28 20:56:48.880 [restartedMain] [INFO] [com.example.demo.OrderClient] - No active profile set, falling back to default profiles: default
11:28 20:56:51.244 [restartedMain] [INFO] [com.example.demo.OrderClient] - Started OrderClient in 2.413 seconds (JVM running for 119.041)
11:28 20:56:51.250 [restartedMain] [INFO] [c.e.demo.service.LoggingService] - Inside methodsave
11:28 20:56:51.264 [restartedMain] [INFO] [c.e.demo.service.LoggingService] - Exiting methodsave
11:28 20:56:51.264 [restartedMain] [INFO] [c.e.demo.service.LoggingService] - Inside methodsave
11:28 20:56:51.278 [restartedMain] [INFO] [c.e.demo.service.LoggingService] - Exiting methodsave
11:28 20:57:30.880 [http-nio-8080-exec-4] [INFO] [c.e.demo.service.LoggingService] - Inside methodfindAll
11:28 20:57:30.903 [http-nio-8080-exec-4] [INFO] [c.e.demo.service.LoggingService] - Exiting methodfindAll
11:28 20:57:36.177 [http-nio-8080-exec-5] [INFO] [c.e.demo.service.LoggingService] - Inside methodfindById
11:28 20:57:36.182 [http-nio-8080-exec-5] [INFO] [c.e.demo.service.LoggingService] - Exiting methodfindById
11:28 21:01:40.396 [restartedMain] [INFO] [com.example.demo.OrderClient] - Starting OrderClient on DESKTOP-CQORGQ5 with PID 9460 (E:\workspace\ShoppingAppOrder\target\classes started by caich in E:\workspace\ShoppingAppOrder)
11:28 21:01:40.396 [restartedMain] [INFO] [com.example.demo.OrderClient] - No active profile set, falling back to default profiles: default
11:28 21:01:42.197 [restartedMain] [INFO] [com.example.demo.OrderClient] - Started OrderClient in 1.827 seconds (JVM running for 409.994)
11:28 21:01:42.203 [restartedMain] [INFO] [c.e.demo.service.LoggingService] - Inside methodsave
11:28 21:01:42.215 [restartedMain] [INFO] [c.e.demo.service.LoggingService] - Exiting methodsave
11:28 21:01:42.215 [restartedMain] [INFO] [c.e.demo.service.LoggingService] - Inside methodsave
11:28 21:01:42.220 [restartedMain] [INFO] [c.e.demo.service.LoggingService] - Exiting methodsave
11:28 21:02:13.922 [http-nio-8080-exec-2] [INFO] [c.e.demo.service.LoggingService] - Inside methodfindAll
11:28 21:02:13.929 [http-nio-8080-exec-2] [INFO] [c.e.demo.service.LoggingService] - Exiting methodfindAll
11:28 21:02:17.905 [http-nio-8080-exec-3] [INFO] [c.e.demo.service.LoggingService] - Inside methodfindById
11:28 21:02:17.908 [http-nio-8080-exec-3] [INFO] [c.e.demo.service.LoggingService] - Exiting methodfindById
11:28 21:02:35.262 [restartedMain] [INFO] [com.example.demo.OrderClient] - Starting OrderClient on DESKTOP-CQORGQ5 with PID 9460 (E:\workspace\ShoppingAppOrder\target\classes started by caich in E:\workspace\ShoppingAppOrder)
11:28 21:02:35.263 [restartedMain] [INFO] [com.example.demo.OrderClient] - No active profile set, falling back to default profiles: default
11:28 21:02:37.058 [restartedMain] [INFO] [com.example.demo.OrderClient] - Started OrderClient in 1.83 seconds (JVM running for 464.855)
11:28 21:02:37.062 [restartedMain] [INFO] [c.e.demo.service.LoggingService] - Inside methodsave
11:28 21:02:37.073 [restartedMain] [INFO] [c.e.demo.service.LoggingService] - Exiting methodsave
11:28 21:02:37.073 [restartedMain] [INFO] [c.e.demo.service.LoggingService] - Inside methodsave
11:28 21:02:37.167 [restartedMain] [INFO] [c.e.demo.service.LoggingService] - Exiting methodsave
11:28 21:03:47.584 [restartedMain] [INFO] [com.example.demo.OrderClient] - Starting OrderClient on DESKTOP-CQORGQ5 with PID 9460 (E:\workspace\ShoppingAppOrder\target\classes started by caich in E:\workspace\ShoppingAppOrder)
11:28 21:03:47.584 [restartedMain] [INFO] [com.example.demo.OrderClient] - No active profile set, falling back to default profiles: default
11:28 21:03:49.672 [restartedMain] [INFO] [com.example.demo.OrderClient] - Started OrderClient in 2.124 seconds (JVM running for 537.468)
11:28 21:03:49.675 [restartedMain] [INFO] [c.e.demo.service.LoggingService] - Inside methodsave
11:28 21:03:49.685 [restartedMain] [INFO] [c.e.demo.service.LoggingService] - Exiting methodsave
11:28 21:03:49.685 [restartedMain] [INFO] [c.e.demo.service.LoggingService] - Inside methodsave
11:28 21:03:49.690 [restartedMain] [INFO] [c.e.demo.service.LoggingService] - Exiting methodsave
11:28 21:04:05.519 [http-nio-8080-exec-3] [INFO] [c.e.demo.service.LoggingService] - Inside methodfindAll
11:28 21:04:05.528 [http-nio-8080-exec-3] [INFO] [c.e.demo.service.LoggingService] - Exiting methodfindAll
11:28 21:05:31.954 [restartedMain] [INFO] [com.example.demo.OrderClient] - Starting OrderClient on DESKTOP-CQORGQ5 with PID 9460 (E:\workspace\ShoppingAppOrder\target\classes started by caich in E:\workspace\ShoppingAppOrder)
11:28 21:05:31.954 [restartedMain] [INFO] [com.example.demo.OrderClient] - No active profile set, falling back to default profiles: default
11:28 21:06:06.571 [restartedMain] [INFO] [com.example.demo.OrderClient] - Starting OrderClient on DESKTOP-CQORGQ5 with PID 9460 (E:\workspace\ShoppingAppOrder\target\classes started by caich in E:\workspace\ShoppingAppOrder)
11:28 21:06:06.571 [restartedMain] [INFO] [com.example.demo.OrderClient] - No active profile set, falling back to default profiles: default
11:28 21:06:34.068 [restartedMain] [INFO] [com.example.demo.OrderClient] - Starting OrderClient on DESKTOP-CQORGQ5 with PID 9460 (E:\workspace\ShoppingAppOrder\target\classes started by caich in E:\workspace\ShoppingAppOrder)
11:28 21:06:34.068 [restartedMain] [INFO] [com.example.demo.OrderClient] - No active profile set, falling back to default profiles: default
11:28 21:06:56.609 [restartedMain] [INFO] [com.example.demo.OrderClient] - Starting OrderClient on DESKTOP-CQORGQ5 with PID 9460 (E:\workspace\ShoppingAppOrder\target\classes started by caich in E:\workspace\ShoppingAppOrder)
11:28 21:06:56.609 [restartedMain] [INFO] [com.example.demo.OrderClient] - No active profile set, falling back to default profiles: default
11:28 21:07:21.121 [restartedMain] [INFO] [com.example.demo.OrderClient] - Starting OrderClient on DESKTOP-CQORGQ5 with PID 9460 (E:\workspace\ShoppingAppOrder\target\classes started by caich in E:\workspace\ShoppingAppOrder)
11:28 21:07:21.122 [restartedMain] [INFO] [com.example.demo.OrderClient] - No active profile set, falling back to default profiles: default
11:28 21:07:22.364 [restartedMain] [INFO] [com.example.demo.OrderClient] - Started OrderClient in 1.268 seconds (JVM running for 750.16)
11:28 21:07:22.366 [restartedMain] [INFO] [c.e.demo.service.LoggingService] - Inside methodsave
11:28 21:07:22.375 [restartedMain] [INFO] [c.e.demo.service.LoggingService] - Exiting methodsave
11:28 21:07:22.375 [restartedMain] [INFO] [c.e.demo.service.LoggingService] - Inside methodsave
11:28 21:07:22.378 [restartedMain] [INFO] [c.e.demo.service.LoggingService] - Exiting methodsave
11:28 21:07:25.369 [restartedMain] [INFO] [com.example.demo.OrderClient] - Starting OrderClient on DESKTOP-CQORGQ5 with PID 9460 (E:\workspace\ShoppingAppOrder\target\classes started by caich in E:\workspace\ShoppingAppOrder)
11:28 21:07:25.369 [restartedMain] [INFO] [com.example.demo.OrderClient] - No active profile set, falling back to default profiles: default
11:28 21:08:30.882 [restartedMain] [INFO] [com.example.demo.OrderClient] - Starting OrderClient on DESKTOP-CQORGQ5 with PID 9460 (E:\workspace\ShoppingAppOrder\target\classes started by caich in E:\workspace\ShoppingAppOrder)
11:28 21:08:30.882 [restartedMain] [INFO] [com.example.demo.OrderClient] - No active profile set, falling back to default profiles: default
11:28 21:08:50.251 [restartedMain] [INFO] [com.example.demo.OrderClient] - Starting OrderClient on DESKTOP-CQORGQ5 with PID 9460 (E:\workspace\ShoppingAppOrder\target\classes started by caich in E:\workspace\ShoppingAppOrder)
11:28 21:08:50.251 [restartedMain] [INFO] [com.example.demo.OrderClient] - No active profile set, falling back to default profiles: default
11:28 21:08:51.403 [restartedMain] [INFO] [com.example.demo.OrderClient] - Started OrderClient in 1.175 seconds (JVM running for 839.2)
11:28 21:08:51.405 [restartedMain] [INFO] [c.e.demo.service.LoggingService] - Inside methodsave
11:28 21:08:51.507 [restartedMain] [INFO] [c.e.demo.service.LoggingService] - Exiting methodsave
11:28 21:08:51.507 [restartedMain] [INFO] [c.e.demo.service.LoggingService] - Inside methodsave
11:28 21:08:51.510 [restartedMain] [INFO] [c.e.demo.service.LoggingService] - Exiting methodsave
11:28 21:08:55.315 [restartedMain] [INFO] [com.example.demo.OrderClient] - Starting OrderClient on DESKTOP-CQORGQ5 with PID 9460 (E:\workspace\ShoppingAppOrder\target\classes started by caich in E:\workspace\ShoppingAppOrder)
11:28 21:08:55.315 [restartedMain] [INFO] [com.example.demo.OrderClient] - No active profile set, falling back to default profiles: default
11:28 21:08:56.485 [restartedMain] [INFO] [com.example.demo.OrderClient] - Started OrderClient in 1.189 seconds (JVM running for 844.282)
11:28 21:08:56.487 [restartedMain] [INFO] [c.e.demo.service.LoggingService] - Inside methodsave
11:28 21:08:56.498 [restartedMain] [INFO] [c.e.demo.service.LoggingService] - Exiting methodsave
11:28 21:08:56.498 [restartedMain] [INFO] [c.e.demo.service.LoggingService] - Inside methodsave
11:28 21:08:56.507 [restartedMain] [INFO] [c.e.demo.service.LoggingService] - Exiting methodsave
11:28 21:09:17.242 [http-nio-8080-exec-7] [INFO] [c.e.demo.service.LoggingService] - Inside methodfindAll
11:28 21:09:17.247 [http-nio-8080-exec-7] [INFO] [c.e.demo.service.LoggingService] - Exiting methodfindAll
11:28 21:10:09.022 [http-nio-8080-exec-1] [INFO] [c.e.demo.service.LoggingService] - Inside methodqueryFirst10ByUsername
11:28 21:10:09.028 [http-nio-8080-exec-1] [INFO] [c.e.demo.service.LoggingService] - Exiting methodqueryFirst10ByUsername
11:28 21:10:20.666 [http-nio-8080-exec-2] [INFO] [c.e.demo.service.LoggingService] - Inside methodqueryFirst10ByUsername
11:28 21:10:20.668 [http-nio-8080-exec-2] [INFO] [c.e.demo.service.LoggingService] - Exiting methodqueryFirst10ByUsername
11:28 21:10:48.459 [http-nio-8080-exec-5] [INFO] [c.e.demo.service.LoggingService] - Inside methodqueryFirst10ByUsername
11:28 21:10:48.467 [http-nio-8080-exec-5] [INFO] [c.e.demo.service.LoggingService] - Exiting methodqueryFirst10ByUsername
11:28 21:11:23.041 [http-nio-8080-exec-6] [INFO] [c.e.demo.service.LoggingService] - Inside methodqueryFirst10ByUsername
11:28 21:11:23.044 [http-nio-8080-exec-6] [INFO] [c.e.demo.service.LoggingService] - Exiting methodqueryFirst10ByUsername
11:28 21:11:39.111 [restartedMain] [INFO] [com.example.demo.OrderClient] - Starting OrderClient on DESKTOP-CQORGQ5 with PID 9460 (E:\workspace\ShoppingAppOrder\target\classes started by caich in E:\workspace\ShoppingAppOrder)
11:28 21:11:39.111 [restartedMain] [INFO] [com.example.demo.OrderClient] - No active profile set, falling back to default profiles: default
11:28 21:11:40.403 [restartedMain] [INFO] [com.example.demo.OrderClient] - Started OrderClient in 1.314 seconds (JVM running for 1008.2)
11:28 21:11:40.406 [restartedMain] [INFO] [c.e.demo.service.LoggingService] - Inside methodsave
11:28 21:11:40.414 [restartedMain] [INFO] [c.e.demo.service.LoggingService] - Exiting methodsave
11:28 21:11:40.414 [restartedMain] [INFO] [c.e.demo.service.LoggingService] - Inside methodsave
11:28 21:11:40.419 [restartedMain] [INFO] [c.e.demo.service.LoggingService] - Exiting methodsave
11:28 21:11:50.871 [restartedMain] [INFO] [com.example.demo.OrderClient] - Starting OrderClient on DESKTOP-CQORGQ5 with PID 9460 (E:\workspace\ShoppingAppOrder\target\classes started by caich in E:\workspace\ShoppingAppOrder)
11:28 21:11:50.871 [restartedMain] [INFO] [com.example.demo.OrderClient] - No active profile set, falling back to default profiles: default
11:28 21:11:52.393 [restartedMain] [INFO] [com.example.demo.OrderClient] - Started OrderClient in 1.554 seconds (JVM running for 1020.19)
11:28 21:11:52.397 [restartedMain] [INFO] [c.e.demo.service.LoggingService] - Inside methodsave
11:28 21:11:52.410 [restartedMain] [INFO] [c.e.demo.service.LoggingService] - Exiting methodsave
11:28 21:11:52.410 [restartedMain] [INFO] [c.e.demo.service.LoggingService] - Inside methodsave
11:28 21:11:52.417 [restartedMain] [INFO] [c.e.demo.service.LoggingService] - Exiting methodsave
